<?xml version="1.0" encoding="UTF-8"?>
<!-- Generated by org.testng.reporters.JUnitXMLReporter -->
<testsuite ignored="0" hostname="DESKTOP-PT64OKO" failures="0" tests="4" name="Test" time="0.135" errors="0" timestamp="2021-07-20T17:46:29 IST">
  <testcase classname="qaclickacademy.SeleniumTest" name="Uielement" time="0.013"/>
  <testcase classname="qaclickacademy.SeleniumTest" name="browseautomation" time="0.0"/>
  <testcase classname="qaclickacademy.RestApiTest" name="Jirapost" time="0.001"/>
  <testcase classname="qaclickacademy.RestApiTest" name="twitterdelete" time="0.001"/>
</testsuite> <!-- Test -->
