<?xml version="1.0" encoding="UTF-8"?>
<testng-results ignored="0" total="4" passed="4" failed="0" skipped="0">
  <reporter-output>
  </reporter-output>
  <suite started-at="2021-07-20T17:46:29 IST" name="Suite" finished-at="2021-07-20T17:46:29 IST" duration-ms="135">
    <groups>
    </groups>
    <test started-at="2021-07-20T17:46:29 IST" name="Test" finished-at="2021-07-20T17:46:29 IST" duration-ms="135">
      <class name="qaclickacademy.SeleniumTest">
        <test-method signature="Uielement()[pri:0, instance:qaclickacademy.SeleniumTest@6236eb5f]" started-at="2021-07-20T17:46:29 IST" name="Uielement" finished-at="2021-07-20T17:46:29 IST" duration-ms="13" status="PASS">
          <reporter-output>
          </reporter-output>
        </test-method> <!-- Uielement -->
        <test-method signature="browseautomation()[pri:0, instance:qaclickacademy.SeleniumTest@6236eb5f]" started-at="2021-07-20T17:46:29 IST" name="browseautomation" finished-at="2021-07-20T17:46:29 IST" duration-ms="0" status="PASS">
          <reporter-output>
          </reporter-output>
        </test-method> <!-- browseautomation -->
      </class> <!-- qaclickacademy.SeleniumTest -->
      <class name="qaclickacademy.RestApiTest">
        <test-method signature="Jirapost()[pri:0, instance:qaclickacademy.RestApiTest@36b4fe2a]" started-at="2021-07-20T17:46:29 IST" name="Jirapost" finished-at="2021-07-20T17:46:29 IST" duration-ms="1" status="PASS">
          <reporter-output>
          </reporter-output>
        </test-method> <!-- Jirapost -->
        <test-method signature="twitterdelete()[pri:0, instance:qaclickacademy.RestApiTest@36b4fe2a]" started-at="2021-07-20T17:46:29 IST" name="twitterdelete" finished-at="2021-07-20T17:46:29 IST" duration-ms="1" status="PASS">
          <reporter-output>
          </reporter-output>
        </test-method> <!-- twitterdelete -->
      </class> <!-- qaclickacademy.RestApiTest -->
    </test> <!-- Test -->
  </suite> <!-- Suite -->
</testng-results>
